0 info it worked if it ends with ok
1 verbose cli [ 'node', '/usr/local/bin/npm', '-g', 'install', 'phantom.js' ]
2 info using npm@1.4.28
3 info using node@v0.10.32
4 verbose cache add [ 'phantom.js', null ]
5 verbose cache add name=undefined spec="phantom.js" args=["phantom.js",null]
6 verbose parsed url { protocol: null,
6 verbose parsed url   slashes: null,
6 verbose parsed url   auth: null,
6 verbose parsed url   host: null,
6 verbose parsed url   port: null,
6 verbose parsed url   hostname: null,
6 verbose parsed url   hash: null,
6 verbose parsed url   search: null,
6 verbose parsed url   query: null,
6 verbose parsed url   pathname: 'phantom.js',
6 verbose parsed url   path: 'phantom.js',
6 verbose parsed url   href: 'phantom.js' }
7 silly lockFile ecec6540-phantom-js phantom.js
8 verbose lock phantom.js /Users/Adamlieberman/.npm/ecec6540-phantom-js.lock
9 silly lockFile ecec6540-phantom-js phantom.js
10 silly lockFile ecec6540-phantom-js phantom.js
11 verbose addNamed [ 'phantom.js', '' ]
12 verbose addNamed [ null, '*' ]
13 silly lockFile deca152f-phantom-js phantom.js@
14 verbose lock phantom.js@ /Users/Adamlieberman/.npm/deca152f-phantom-js.lock
15 silly addNameRange { name: 'phantom.js', range: '*', hasData: false }
16 verbose request where is /phantom.js
17 verbose request registry https://registry.npmjs.org/
18 verbose request id 39cfd83b0b86a224
19 verbose url raw /phantom.js
20 verbose url resolving [ 'https://registry.npmjs.org/', './phantom.js' ]
21 verbose url resolved https://registry.npmjs.org/phantom.js
22 verbose request where is https://registry.npmjs.org/phantom.js
23 info trying registry request attempt 1 at 23:05:28
24 http GET https://registry.npmjs.org/phantom.js
25 http 404 https://registry.npmjs.org/phantom.js
26 silly registry.get cb [ 404,
26 silly registry.get   { 'content-type': 'application/json',
26 silly registry.get     'cache-control': 'max-age=0',
26 silly registry.get     'content-length': '2',
26 silly registry.get     'accept-ranges': 'bytes',
26 silly registry.get     date: 'Sun, 06 Nov 2016 03:05:32 GMT',
26 silly registry.get     via: '1.1 varnish',
26 silly registry.get     age: '0',
26 silly registry.get     connection: 'keep-alive',
26 silly registry.get     'x-served-by': 'cache-atl6243-ATL',
26 silly registry.get     'x-cache': 'MISS',
26 silly registry.get     'x-cache-hits': '0',
26 silly registry.get     'x-timer': 'S1478401531.786351,VS0,VE214',
26 silly registry.get     vary: 'Accept-Encoding' } ]
27 silly lockFile deca152f-phantom-js phantom.js@
28 silly lockFile deca152f-phantom-js phantom.js@
29 error 404 Not Found
29 error 404
29 error 404 'phantom.js' is not in the npm registry.
29 error 404 You should bug the author to publish it
29 error 404
29 error 404 Maybe try 'npm search phantom'
29 error 404
29 error 404 Note that you can also install from a
29 error 404 tarball, folder, or http url, or git url.
30 error System Darwin 15.5.0
31 error command "node" "/usr/local/bin/npm" "-g" "install" "phantom.js"
32 error cwd /Users/Adamlieberman/Desktop/GitHub/CSE-6242-Project
33 error node -v v0.10.32
34 error npm -v 1.4.28
35 error code E404
36 verbose exit [ 1, true ]
